[0124/075936.847:ERROR:directory_reader_win.cc(43)] FindFirstFile: The system cannot find the path specified. (0x3)
[0124/082231.565:ERROR:process_memory_win.cc(73)] ReadMemory at 0x7ff7e9fe0000 of 64 bytes failed: Only part of a ReadProcessMemory or WriteProcessMemory request was completed. (0x12B)
[0124/082231.566:WARNING:pe_image_reader.cc(340)] could not read dos header from C:\Program Files (x86)\Google\Chrome\Application\chrome.exe
[0124/082231.566:ERROR:process_memory_win.cc(73)] ReadMemory at 0x7ffa0dfa0000 of 64 bytes failed: Only part of a ReadProcessMemory or WriteProcessMemory request was completed. (0x12B)
[0124/082231.566:WARNING:pe_image_reader.cc(340)] could not read dos header from C:\windows\SYSTEM32\ntdll.dll
[0124/082231.589:ERROR:process_memory_win.cc(73)] ReadMemory at 0x7ffa0deb0000 of 64 bytes failed: Only part of a ReadProcessMemory or WriteProcessMemory request was completed. (0x12B)
[0124/082231.590:WARNING:pe_image_reader.cc(340)] could not read dos header from C:\windows\System32\KERNEL32.DLL
[0124/082231.590:ERROR:process_memory_win.cc(73)] ReadMemory at 0x7ffa0ac10000 of 64 bytes failed: Only part of a ReadProcessMemory or WriteProcessMemory request was completed. (0x12B)
[0124/082231.590:WARNING:pe_image_reader.cc(340)] could not read dos header from C:\windows\System32\KERNELBASE.dll
[0124/082231.590:ERROR:process_memory_win.cc(73)] ReadMemory at 0x7ff9c8a10000 of 64 bytes failed: Only part of a ReadProcessMemory or WriteProcessMemory request was completed. (0x12B)
[0124/082231.590:WARNING:pe_image_reader.cc(340)] could not read dos header from C:\Program Files (x86)\Google\Chrome\Application\87.0.4280.141\chrome_elf.dll
[0124/082231.590:ERROR:process_memory_win.cc(73)] ReadMemory at 0x7ff9fdec0000 of 64 bytes failed: Only part of a ReadProcessMemory or WriteProcessMemory request was completed. (0x12B)
[0124/082231.590:WARNING:pe_image_reader.cc(340)] could not read dos header from C:\windows\SYSTEM32\VERSION.dll
[0124/082231.590:ERROR:process_memory_win.cc(73)] ReadMemory at 0x7ffa0dd40000 of 64 bytes failed: Only part of a ReadProcessMemory or WriteProcessMemory request was completed. (0x12B)
[0124/082231.590:WARNING:pe_image_reader.cc(340)] could not read dos header from C:\windows\System32\msvcrt.dll
[0124/082231.590:ERROR:process_memory_win.cc(73)] ReadMemory at 0x7ffa0ab90000 of 64 bytes failed: Only part of a ReadProcessMemory or WriteProcessMemory request was completed. (0x12B)
[0124/082231.590:WARNING:pe_image_reader.cc(340)] could not read dos header from C:\windows\System32\bcryptPrimitives.dll
[0124/082231.590:ERROR:process_memory_win.cc(73)] ReadMemory at 0x7ffa0b740000 of 64 bytes failed: Only part of a ReadProcessMemory or WriteProcessMemory request was completed. (0x12B)
[0124/082231.590:WARNING:pe_image_reader.cc(340)] could not read dos header from C:\windows\System32\ADVAPI32.dll
[0124/082231.590:ERROR:process_memory_win.cc(73)] ReadMemory at 0x7ffa0b990000 of 64 bytes failed: Only part of a ReadProcessMemory or WriteProcessMemory request was completed. (0x12B)
[0124/082231.590:WARNING:pe_image_reader.cc(340)] could not read dos header from C:\windows\System32\sechost.dll
[0124/082231.590:ERROR:process_memory_win.cc(73)] ReadMemory at 0x7ffa0b3f0000 of 64 bytes failed: Only part of a ReadProcessMemory or WriteProcessMemory request was completed. (0x12B)
[0124/082231.591:WARNING:pe_image_reader.cc(340)] could not read dos header from C:\windows\System32\RPCRT4.dll
[0124/082231.591:ERROR:process_memory_win.cc(73)] ReadMemory at 0x7ff998800000 of 64 bytes failed: Only part of a ReadProcessMemory or WriteProcessMemory request was completed. (0x12B)
[0124/082231.591:WARNING:pe_image_reader.cc(340)] could not read dos header from C:\Program Files (x86)\Google\Chrome\Application\87.0.4280.141\chrome.dll
[0124/082231.591:ERROR:process_memory_win.cc(73)] ReadMemory at 0x7ffa0bc10000 of 64 bytes failed: Only part of a ReadProcessMemory or WriteProcessMemory request was completed. (0x12B)
[0124/082231.591:WARNING:pe_image_reader.cc(340)] could not read dos header from C:\windows\System32\WS2_32.dll
[0124/082231.591:ERROR:process_memory_win.cc(73)] ReadMemory at 0x7ffa0dde0000 of 64 bytes failed: Only part of a ReadProcessMemory or WriteProcessMemory request was completed. (0x12B)
[0124/082231.591:WARNING:pe_image_reader.cc(340)] could not read dos header from C:\windows\System32\OLEAUT32.dll
[0124/082231.591:ERROR:process_memory_win.cc(73)] ReadMemory at 0x7ffa0b120000 of 64 bytes failed: Only part of a ReadProcessMemory or WriteProcessMemory request was completed. (0x12B)
[0124/082231.591:WARNING:pe_image_reader.cc(340)] could not read dos header from C:\windows\System32\msvcp_win.dll
[0124/082231.591:ERROR:process_memory_win.cc(73)] ReadMemory at 0x7ffa0a7d0000 of 64 bytes failed: Only part of a ReadProcessMemory or WriteProcessMemory request was completed. (0x12B)
[0124/082231.591:WARNING:pe_image_reader.cc(340)] could not read dos header from C:\windows\System32\ucrtbase.dll
[0124/082231.591:ERROR:process_memory_win.cc(73)] ReadMemory at 0x7ffa0d450000 of 64 bytes failed: Only part of a ReadProcessMemory or WriteProcessMemory request was completed. (0x12B)
[0124/082231.592:WARNING:pe_image_reader.cc(340)] could not read dos header from C:\windows\System32\combase.dll
[0124/082231.592:ERROR:process_memory_win.cc(73)] ReadMemory at 0x7ffa0ab30000 of 64 bytes failed: Only part of a ReadProcessMemory or WriteProcessMemory request was completed. (0x12B)
[0124/082231.592:WARNING:pe_image_reader.cc(340)] could not read dos header from C:\windows\System32\WINTRUST.dll
[0124/082231.592:ERROR:process_memory_win.cc(73)] ReadMemory at 0x7ffa09fb0000 of 64 bytes failed: Only part of a ReadProcessMemory or WriteProcessMemory request was completed. (0x12B)
[0124/082231.592:WARNING:pe_image_reader.cc(340)] could not read dos header from C:\windows\System32\MSASN1.dll
[0124/082231.592:ERROR:process_memory_win.cc(73)] ReadMemory at 0x7ffa0a920000 of 64 bytes failed: Only part of a ReadProcessMemory or WriteProcessMemory request was completed. (0x12B)
[0124/082231.592:WARNING:pe_image_reader.cc(340)] could not read dos header from C:\windows\System32\CRYPT32.dll
[0124/082231.592:ERROR:process_memory_win.cc(73)] ReadMemory at 0x7ffa08920000 of 64 bytes failed: Only part of a ReadProcessMemory or WriteProcessMemory request was completed. (0x12B)
[0124/082231.592:WARNING:pe_image_reader.cc(340)] could not read dos header from C:\windows\SYSTEM32\dbghelp.dll
[0124/082231.592:ERROR:process_memory_win.cc(73)] ReadMemory at 0x7ffa09510000 of 64 bytes failed: Only part of a ReadProcessMemory or WriteProcessMemory request was completed. (0x12B)
[0124/082231.592:WARNING:pe_image_reader.cc(340)] could not read dos header from C:\windows\SYSTEM32\IPHLPAPI.DLL
[0124/082231.592:ERROR:process_memory_win.cc(73)] ReadMemory at 0x7ffa07000000 of 64 bytes failed: Only part of a ReadProcessMemory or WriteProcessMemory request was completed. (0x12B)
[0124/082231.592:WARNING:pe_image_reader.cc(340)] could not read dos header from C:\windows\SYSTEM32\WINMM.dll
[0124/082231.592:ERROR:process_memory_win.cc(73)] ReadMemory at 0x7ff9e21d0000 of 64 bytes failed: Only part of a ReadProcessMemory or WriteProcessMemory request was completed. (0x12B)
[0124/082231.592:WARNING:pe_image_reader.cc(340)] could not read dos header from C:\windows\SYSTEM32\UIAutomationCore.DLL
[0124/082231.592:ERROR:process_memory_win.cc(73)] ReadMemory at 0x7ffa071b0000 of 64 bytes failed: Only part of a ReadProcessMemory or WriteProcessMemory request was completed. (0x12B)
[0124/082231.592:WARNING:pe_image_reader.cc(340)] could not read dos header from C:\windows\SYSTEM32\Secur32.dll
[0124/082231.592:ERROR:process_memory_win.cc(73)] ReadMemory at 0x7ffa09ec0000 of 64 bytes failed: Only part of a ReadProcessMemory or WriteProcessMemory request was completed. (0x12B)
[0124/082231.592:WARNING:pe_image_reader.cc(340)] could not read dos header from C:\windows\SYSTEM32\USERENV.dll
[0124/082231.592:ERROR:process_memory_win.cc(73)] ReadMemory at 0x7ffa09fd0000 of 64 bytes failed: Only part of a ReadProcessMemory or WriteProcessMemory request was completed. (0x12B)
[0124/082231.592:WARNING:pe_image_reader.cc(340)] could not read dos header from C:\windows\System32\profapi.dll
[0124/082231.592:ERROR:process_memory_win.cc(73)] ReadMemory at 0x7ffa00370000 of 64 bytes failed: Only part of a ReadProcessMemory or WriteProcessMemory request was completed. (0x12B)
[0124/082231.593:WARNING:pe_image_reader.cc(340)] could not read dos header from C:\windows\SYSTEM32\DWrite.dll
[0124/082231.593:ERROR:process_memory_win.cc(73)] ReadMemory at 0x7ff9ea6c0000 of 64 bytes failed: Only part of a ReadProcessMemory or WriteProcessMemory request was completed. (0x12B)
[0124/082231.593:WARNING:pe_image_reader.cc(340)] could not read dos header from C:\windows\SYSTEM32\WINSPOOL.DRV
[0124/082231.593:ERROR:process_memory_win.cc(73)] ReadMemory at 0x7ffa09f90000 of 64 bytes failed: Only part of a ReadProcessMemory or WriteProcessMemory request was completed. (0x12B)
[0124/082231.593:WARNING:pe_image_reader.cc(340)] could not read dos header from C:\windows\System32\kernel.appcore.dll
[0124/082231.593:ERROR:process_memory_win.cc(73)] ReadMemory at 0x7ffa0ab00000 of 64 bytes failed: Only part of a ReadProcessMemory or WriteProcessMemory request was completed. (0x12B)
[0124/082231.593:WARNING:pe_image_reader.cc(340)] could not read dos header from C:\windows\System32\bcrypt.dll
[0124/082231.593:ERROR:process_memory_win.cc(73)] ReadMemory at 0x7ff9f9cf0000 of 64 bytes failed: Only part of a ReadProcessMemory or WriteProcessMemory request was completed. (0x12B)
[0124/082231.593:WARNING:pe_image_reader.cc(340)] could not read dos header from C:\windows\SYSTEM32\WINHTTP.dll
[0124/082231.593:ERROR:process_memory_win.cc(73)] ReadMemory at 0x7ffa07c50000 of 64 bytes failed: Only part of a ReadProcessMemory or WriteProcessMemory request was completed. (0x12B)
[0124/082231.593:WARNING:pe_image_reader.cc(340)] could not read dos header from C:\windows\SYSTEM32\dhcpcsvc.DLL
[0124/082231.593:ERROR:process_memory_win.cc(73)] ReadMemory at 0x7ffa0dc00000 of 64 bytes failed: Only part of a ReadProcessMemory or WriteProcessMemory request was completed. (0x12B)
[0124/082231.593:WARNING:pe_image_reader.cc(340)] could not read dos header from C:\windows\System32\NSI.dll
[0124/082231.593:ERROR:process_memory_win.cc(73)] ReadMemory at 0x7ffa06fd0000 of 64 bytes failed: Only part of a ReadProcessMemory or WriteProcessMemory request was completed. (0x12B)
[0124/082231.593:WARNING:pe_image_reader.cc(340)] could not read dos header from C:\windows\SYSTEM32\WINMMBASE.dll
[0124/082231.593:ERROR:process_memory_win.cc(73)] ReadMemory at 0x7ffa0a8d0000 of 64 bytes failed: Only part of a ReadProcessMemory or WriteProcessMemory request was completed. (0x12B)
[0124/082231.593:WARNING:pe_image_reader.cc(340)] could not read dos header from C:\windows\System32\cfgmgr32.dll
[0124/082231.593:ERROR:process_memory_win.cc(73)] ReadMemory at 0x7ffa032a0000 of 64 bytes failed: Only part of a ReadProcessMemory or WriteProcessMemory request was completed. (0x12B)
[0124/082231.593:WARNING:pe_image_reader.cc(340)] could not read dos header from C:\windows\SYSTEM32\Bcp47Langs.dll
[0124/082231.593:ERROR:process_memory_win.cc(73)] ReadMemory at 0x7ffa07d60000 of 64 bytes failed: Only part of a ReadProcessMemory or WriteProcessMemory request was completed. (0x12B)
[0124/082231.593:WARNING:pe_image_reader.cc(340)] could not read dos header from C:\windows\SYSTEM32\PROPSYS.dll
[0124/082231.593:ERROR:process_memory_win.cc(73)] ReadMemory at 0x7ffa0b630000 of 64 bytes failed: Only part of a ReadProcessMemory or WriteProcessMemory request was completed. (0x12B)
[0124/082231.593:WARNING:pe_image_reader.cc(340)] could not read dos header from C:\windows\System32\shcore.dll
[0124/082231.594:ERROR:process_memory_win.cc(73)] ReadMemory at 0x7ffa09e80000 of 64 bytes failed: Only part of a ReadProcessMemory or WriteProcessMemory request was completed. (0x12B)
[0124/082231.594:WARNING:pe_image_reader.cc(340)] could not read dos header from C:\windows\SYSTEM32\SSPICLI.DLL
[0124/082231.594:ERROR:process_memory_win.cc(73)] ReadMemory at 0x7ffa099c0000 of 64 bytes failed: Only part of a ReadProcessMemory or WriteProcessMemory request was completed. (0x12B)
[0124/082231.594:WARNING:pe_image_reader.cc(340)] could not read dos header from C:\windows\SYSTEM32\CRYPTBASE.DLL
[0124/082231.635:ERROR:process_memory_win.cc(73)] ReadMemory at 0x7ff7e9fe0000 of 64 bytes failed: Only part of a ReadProcessMemory or WriteProcessMemory request was completed. (0x12B)
[0124/082231.635:WARNING:pe_image_reader.cc(340)] could not read dos header from C:\Program Files (x86)\Google\Chrome\Application\chrome.exe
[0124/082231.636:ERROR:process_memory_win.cc(73)] ReadMemory at 0x7ffa0dfa0000 of 64 bytes failed: Only part of a ReadProcessMemory or WriteProcessMemory request was completed. (0x12B)
[0124/082231.636:WARNING:pe_image_reader.cc(340)] could not read dos header from C:\windows\SYSTEM32\ntdll.dll
[0124/082231.636:ERROR:process_memory_win.cc(73)] ReadMemory at 0x7ffa0deb0000 of 64 bytes failed: Only part of a ReadProcessMemory or WriteProcessMemory request was completed. (0x12B)
[0124/082231.636:WARNING:pe_image_reader.cc(340)] could not read dos header from C:\windows\System32\KERNEL32.DLL
[0124/082231.636:ERROR:process_memory_win.cc(73)] ReadMemory at 0x7ffa0ac10000 of 64 bytes failed: Only part of a ReadProcessMemory or WriteProcessMemory request was completed. (0x12B)
[0124/082231.636:WARNING:pe_image_reader.cc(340)] could not read dos header from C:\windows\System32\KERNELBASE.dll
[0124/082231.636:ERROR:process_memory_win.cc(73)] ReadMemory at 0x7ff9c8a10000 of 64 bytes failed: Only part of a ReadProcessMemory or WriteProcessMemory request was completed. (0x12B)
[0124/082231.636:WARNING:pe_image_reader.cc(340)] could not read dos header from C:\Program Files (x86)\Google\Chrome\Application\87.0.4280.141\chrome_elf.dll
[0124/082231.636:ERROR:process_memory_win.cc(73)] ReadMemory at 0x7ff9fdec0000 of 64 bytes failed: Only part of a ReadProcessMemory or WriteProcessMemory request was completed. (0x12B)
[0124/082231.636:WARNING:pe_image_reader.cc(340)] could not read dos header from C:\windows\SYSTEM32\VERSION.dll
[0124/082231.636:ERROR:process_memory_win.cc(73)] ReadMemory at 0x7ffa0dd40000 of 64 bytes failed: Only part of a ReadProcessMemory or WriteProcessMemory request was completed. (0x12B)
[0124/082231.636:WARNING:pe_image_reader.cc(340)] could not read dos header from C:\windows\System32\msvcrt.dll
[0124/082231.636:ERROR:process_memory_win.cc(73)] ReadMemory at 0x7ffa0ab90000 of 64 bytes failed: Only part of a ReadProcessMemory or WriteProcessMemory request was completed. (0x12B)
[0124/082231.636:WARNING:pe_image_reader.cc(340)] could not read dos header from C:\windows\System32\bcryptPrimitives.dll
[0124/082231.636:ERROR:process_memory_win.cc(73)] ReadMemory at 0x7ffa0b740000 of 64 bytes failed: Only part of a ReadProcessMemory or WriteProcessMemory request was completed. (0x12B)
[0124/082231.636:WARNING:pe_image_reader.cc(340)] could not read dos header from C:\windows\System32\ADVAPI32.dll
[0124/082231.636:ERROR:process_memory_win.cc(73)] ReadMemory at 0x7ffa0b990000 of 64 bytes failed: Only part of a ReadProcessMemory or WriteProcessMemory request was completed. (0x12B)
[0124/082231.636:WARNING:pe_image_reader.cc(340)] could not read dos header from C:\windows\System32\sechost.dll
[0124/082231.636:ERROR:process_memory_win.cc(73)] ReadMemory at 0x7ffa0b3f0000 of 64 bytes failed: Only part of a ReadProcessMemory or WriteProcessMemory request was completed. (0x12B)
[0124/082231.636:WARNING:pe_image_reader.cc(340)] could not read dos header from C:\windows\System32\RPCRT4.dll
[0124/082231.636:ERROR:process_memory_win.cc(73)] ReadMemory at 0x7ff998800000 of 64 bytes failed: Only part of a ReadProcessMemory or WriteProcessMemory request was completed. (0x12B)
[0124/082231.636:WARNING:pe_image_reader.cc(340)] could not read dos header from C:\Program Files (x86)\Google\Chrome\Application\87.0.4280.141\chrome.dll
[0124/082231.636:ERROR:process_memory_win.cc(73)] ReadMemory at 0x7ffa0bc10000 of 64 bytes failed: Only part of a ReadProcessMemory or WriteProcessMemory request was completed. (0x12B)
[0124/082231.636:WARNING:pe_image_reader.cc(340)] could not read dos header from C:\windows\System32\WS2_32.dll
[0124/082231.636:ERROR:process_memory_win.cc(73)] ReadMemory at 0x7ffa0dde0000 of 64 bytes failed: Only part of a ReadProcessMemory or WriteProcessMemory request was completed. (0x12B)
[0124/082231.636:WARNING:pe_image_reader.cc(340)] could not read dos header from C:\windows\System32\OLEAUT32.dll
[0124/082231.636:ERROR:process_memory_win.cc(73)] ReadMemory at 0x7ffa0b120000 of 64 bytes failed: Only part of a ReadProcessMemory or WriteProcessMemory request was completed. (0x12B)
[0124/082231.636:WARNING:pe_image_reader.cc(340)] could not read dos header from C:\windows\System32\msvcp_win.dll
[0124/082231.636:ERROR:process_memory_win.cc(73)] ReadMemory at 0x7ffa0a7d0000 of 64 bytes failed: Only part of a ReadProcessMemory or WriteProcessMemory request was completed. (0x12B)
[0124/082231.636:WARNING:pe_image_reader.cc(340)] could not read dos header from C:\windows\System32\ucrtbase.dll
[0124/082231.636:ERROR:process_memory_win.cc(73)] ReadMemory at 0x7ffa0d450000 of 64 bytes failed: Only part of a ReadProcessMemory or WriteProcessMemory request was completed. (0x12B)
[0124/082231.637:WARNING:pe_image_reader.cc(340)] could not read dos header from C:\windows\System32\combase.dll
[0124/082231.637:ERROR:process_memory_win.cc(73)] ReadMemory at 0x7ffa0ab30000 of 64 bytes failed: Only part of a ReadProcessMemory or WriteProcessMemory request was completed. (0x12B)
[0124/082231.637:WARNING:pe_image_reader.cc(340)] could not read dos header from C:\windows\System32\WINTRUST.dll
[0124/082231.637:ERROR:process_memory_win.cc(73)] ReadMemory at 0x7ffa09fb0000 of 64 bytes failed: Only part of a ReadProcessMemory or WriteProcessMemory request was completed. (0x12B)
[0124/082231.637:WARNING:pe_image_reader.cc(340)] could not read dos header from C:\windows\System32\MSASN1.dll
[0124/082231.637:ERROR:process_memory_win.cc(73)] ReadMemory at 0x7ffa0a920000 of 64 bytes failed: Only part of a ReadProcessMemory or WriteProcessMemory request was completed. (0x12B)
[0124/082231.637:WARNING:pe_image_reader.cc(340)] could not read dos header from C:\windows\System32\CRYPT32.dll
[0124/082231.637:ERROR:process_memory_win.cc(73)] ReadMemory at 0x7ffa08920000 of 64 bytes failed: Only part of a ReadProcessMemory or WriteProcessMemory request was completed. (0x12B)
[0124/082231.637:WARNING:pe_image_reader.cc(340)] could not read dos header from C:\windows\SYSTEM32\dbghelp.dll
[0124/082231.637:ERROR:process_memory_win.cc(73)] ReadMemory at 0x7ffa09510000 of 64 bytes failed: Only part of a ReadProcessMemory or WriteProcessMemory request was completed. (0x12B)
[0124/082231.637:WARNING:pe_image_reader.cc(340)] could not read dos header from C:\windows\SYSTEM32\IPHLPAPI.DLL
[0124/082231.637:ERROR:process_memory_win.cc(73)] ReadMemory at 0x7ffa07000000 of 64 bytes failed: Only part of a ReadProcessMemory or WriteProcessMemory request was completed. (0x12B)
[0124/082231.637:WARNING:pe_image_reader.cc(340)] could not read dos header from C:\windows\SYSTEM32\WINMM.dll
[0124/082231.637:ERROR:process_memory_win.cc(73)] ReadMemory at 0x7ff9e21d0000 of 64 bytes failed: Only part of a ReadProcessMemory or WriteProcessMemory request was completed. (0x12B)
[0124/082231.637:WARNING:pe_image_reader.cc(340)] could not read dos header from C:\windows\SYSTEM32\UIAutomationCore.DLL
[0124/082231.637:ERROR:process_memory_win.cc(73)] ReadMemory at 0x7ffa071b0000 of 64 bytes failed: Only part of a ReadProcessMemory or WriteProcessMemory request was completed. (0x12B)
[0124/082231.637:WARNING:pe_image_reader.cc(340)] could not read dos header from C:\windows\SYSTEM32\Secur32.dll
[0124/082231.637:ERROR:process_memory_win.cc(73)] ReadMemory at 0x7ffa09ec0000 of 64 bytes failed: Only part of a ReadProcessMemory or WriteProcessMemory request was completed. (0x12B)
[0124/082231.638:WARNING:pe_image_reader.cc(340)] could not read dos header from C:\windows\SYSTEM32\USERENV.dll
[0124/082231.638:ERROR:process_memory_win.cc(73)] ReadMemory at 0x7ffa09fd0000 of 64 bytes failed: Only part of a ReadProcessMemory or WriteProcessMemory request was completed. (0x12B)
[0124/082231.638:WARNING:pe_image_reader.cc(340)] could not read dos header from C:\windows\System32\profapi.dll
[0124/082231.638:ERROR:process_memory_win.cc(73)] ReadMemory at 0x7ffa00370000 of 64 bytes failed: Only part of a ReadProcessMemory or WriteProcessMemory request was completed. (0x12B)
[0124/082231.638:WARNING:pe_image_reader.cc(340)] could not read dos header from C:\windows\SYSTEM32\DWrite.dll
[0124/082231.638:ERROR:process_memory_win.cc(73)] ReadMemory at 0x7ff9ea6c0000 of 64 bytes failed: Only part of a ReadProcessMemory or WriteProcessMemory request was completed. (0x12B)
[0124/082231.638:WARNING:pe_image_reader.cc(340)] could not read dos header from C:\windows\SYSTEM32\WINSPOOL.DRV
[0124/082231.638:ERROR:process_memory_win.cc(73)] ReadMemory at 0x7ffa09f90000 of 64 bytes failed: Only part of a ReadProcessMemory or WriteProcessMemory request was completed. (0x12B)
[0124/082231.638:WARNING:pe_image_reader.cc(340)] could not read dos header from C:\windows\System32\kernel.appcore.dll
[0124/082231.638:ERROR:process_memory_win.cc(73)] ReadMemory at 0x7ffa0ab00000 of 64 bytes failed: Only part of a ReadProcessMemory or WriteProcessMemory request was completed. (0x12B)
[0124/082231.638:WARNING:pe_image_reader.cc(340)] could not read dos header from C:\windows\System32\bcrypt.dll
[0124/082231.638:ERROR:process_memory_win.cc(73)] ReadMemory at 0x7ff9f9cf0000 of 64 bytes failed: Only part of a ReadProcessMemory or WriteProcessMemory request was completed. (0x12B)
[0124/082231.638:WARNING:pe_image_reader.cc(340)] could not read dos header from C:\windows\SYSTEM32\WINHTTP.dll
[0124/082231.638:ERROR:process_memory_win.cc(73)] ReadMemory at 0x7ffa07c50000 of 64 bytes failed: Only part of a ReadProcessMemory or WriteProcessMemory request was completed. (0x12B)
[0124/082231.638:WARNING:pe_image_reader.cc(340)] could not read dos header from C:\windows\SYSTEM32\dhcpcsvc.DLL
[0124/082231.638:ERROR:process_memory_win.cc(73)] ReadMemory at 0x7ffa0dc00000 of 64 bytes failed: Only part of a ReadProcessMemory or WriteProcessMemory request was completed. (0x12B)
[0124/082231.638:WARNING:pe_image_reader.cc(340)] could not read dos header from C:\windows\System32\NSI.dll
[0124/082231.638:ERROR:process_memory_win.cc(73)] ReadMemory at 0x7ffa06fd0000 of 64 bytes failed: Only part of a ReadProcessMemory or WriteProcessMemory request was completed. (0x12B)
[0124/082231.638:WARNING:pe_image_reader.cc(340)] could not read dos header from C:\windows\SYSTEM32\WINMMBASE.dll
[0124/082231.638:ERROR:process_memory_win.cc(73)] ReadMemory at 0x7ffa0a8d0000 of 64 bytes failed: Only part of a ReadProcessMemory or WriteProcessMemory request was completed. (0x12B)
[0124/082231.638:WARNING:pe_image_reader.cc(340)] could not read dos header from C:\windows\System32\cfgmgr32.dll
[0124/082231.638:ERROR:process_memory_win.cc(73)] ReadMemory at 0x7ffa032a0000 of 64 bytes failed: Only part of a ReadProcessMemory or WriteProcessMemory request was completed. (0x12B)
[0124/082231.638:WARNING:pe_image_reader.cc(340)] could not read dos header from C:\windows\SYSTEM32\Bcp47Langs.dll
[0124/082231.639:ERROR:process_memory_win.cc(73)] ReadMemory at 0x7ffa07d60000 of 64 bytes failed: Only part of a ReadProcessMemory or WriteProcessMemory request was completed. (0x12B)
[0124/082231.639:WARNING:pe_image_reader.cc(340)] could not read dos header from C:\windows\SYSTEM32\PROPSYS.dll
[0124/082231.639:ERROR:process_memory_win.cc(73)] ReadMemory at 0x7ffa0b630000 of 64 bytes failed: Only part of a ReadProcessMemory or WriteProcessMemory request was completed. (0x12B)
[0124/082231.639:WARNING:pe_image_reader.cc(340)] could not read dos header from C:\windows\System32\shcore.dll
[0124/082231.639:ERROR:process_memory_win.cc(73)] ReadMemory at 0x7ffa09e80000 of 64 bytes failed: Only part of a ReadProcessMemory or WriteProcessMemory request was completed. (0x12B)
[0124/082231.639:WARNING:pe_image_reader.cc(340)] could not read dos header from C:\windows\SYSTEM32\SSPICLI.DLL
[0124/082231.639:ERROR:process_memory_win.cc(73)] ReadMemory at 0x7ffa099c0000 of 64 bytes failed: Only part of a ReadProcessMemory or WriteProcessMemory request was completed. (0x12B)
[0124/082231.639:WARNING:pe_image_reader.cc(340)] could not read dos header from C:\windows\SYSTEM32\CRYPTBASE.DLL
[0124/082231.639:ERROR:process_memory_win.cc(73)] ReadMemory at 0x7ff7e9fe0000 of 64 bytes failed: Only part of a ReadProcessMemory or WriteProcessMemory request was completed. (0x12B)
[0124/082231.639:WARNING:pe_image_reader.cc(340)] could not read dos header from C:\Program Files (x86)\Google\Chrome\Application\chrome.exe
[0124/082231.639:ERROR:process_memory_win.cc(73)] ReadMemory at 0x7ffa0dfa0000 of 64 bytes failed: Only part of a ReadProcessMemory or WriteProcessMemory request was completed. (0x12B)
[0124/082231.639:WARNING:pe_image_reader.cc(340)] could not read dos header from C:\windows\SYSTEM32\ntdll.dll
[0124/082231.639:ERROR:process_memory_win.cc(73)] ReadMemory at 0x7ffa0deb0000 of 64 bytes failed: Only part of a ReadProcessMemory or WriteProcessMemory request was completed. (0x12B)
[0124/082231.639:WARNING:pe_image_reader.cc(340)] could not read dos header from C:\windows\System32\KERNEL32.DLL
[0124/082231.639:ERROR:process_memory_win.cc(73)] ReadMemory at 0x7ffa0ac10000 of 64 bytes failed: Only part of a ReadProcessMemory or WriteProcessMemory request was completed. (0x12B)
[0124/082231.639:WARNING:pe_image_reader.cc(340)] could not read dos header from C:\windows\System32\KERNELBASE.dll
[0124/082231.639:ERROR:process_memory_win.cc(73)] ReadMemory at 0x7ff9c8a10000 of 64 bytes failed: Only part of a ReadProcessMemory or WriteProcessMemory request was completed. (0x12B)
[0124/082231.639:WARNING:pe_image_reader.cc(340)] could not read dos header from C:\Program Files (x86)\Google\Chrome\Application\87.0.4280.141\chrome_elf.dll
[0124/082231.639:ERROR:process_memory_win.cc(73)] ReadMemory at 0x7ff9fdec0000 of 64 bytes failed: Only part of a ReadProcessMemory or WriteProcessMemory request was completed. (0x12B)
[0124/082231.639:WARNING:pe_image_reader.cc(340)] could not read dos header from C:\windows\SYSTEM32\VERSION.dll
[0124/082231.639:ERROR:process_memory_win.cc(73)] ReadMemory at 0x7ffa0dd40000 of 64 bytes failed: Only part of a ReadProcessMemory or WriteProcessMemory request was completed. (0x12B)
[0124/082231.639:WARNING:pe_image_reader.cc(340)] could not read dos header from C:\windows\System32\msvcrt.dll
[0124/082231.639:ERROR:process_memory_win.cc(73)] ReadMemory at 0x7ffa0ab90000 of 64 bytes failed: Only part of a ReadProcessMemory or WriteProcessMemory request was completed. (0x12B)
[0124/082231.639:WARNING:pe_image_reader.cc(340)] could not read dos header from C:\windows\System32\bcryptPrimitives.dll
[0124/082231.639:ERROR:process_memory_win.cc(73)] ReadMemory at 0x7ffa0b740000 of 64 bytes failed: Only part of a ReadProcessMemory or WriteProcessMemory request was completed. (0x12B)
[0124/082231.639:WARNING:pe_image_reader.cc(340)] could not read dos header from C:\windows\System32\ADVAPI32.dll
[0124/082231.639:ERROR:process_memory_win.cc(73)] ReadMemory at 0x7ffa0b990000 of 64 bytes failed: Only part of a ReadProcessMemory or WriteProcessMemory request was completed. (0x12B)
[0124/082231.640:WARNING:pe_image_reader.cc(340)] could not read dos header from C:\windows\System32\sechost.dll
[0124/082231.640:ERROR:process_memory_win.cc(73)] ReadMemory at 0x7ffa0b3f0000 of 64 bytes failed: Only part of a ReadProcessMemory or WriteProcessMemory request was completed. (0x12B)
[0124/082231.640:WARNING:pe_image_reader.cc(340)] could not read dos header from C:\windows\System32\RPCRT4.dll
[0124/082231.640:ERROR:process_memory_win.cc(73)] ReadMemory at 0x7ff998800000 of 64 bytes failed: Only part of a ReadProcessMemory or WriteProcessMemory request was completed. (0x12B)
[0124/082231.640:WARNING:pe_image_reader.cc(340)] could not read dos header from C:\Program Files (x86)\Google\Chrome\Application\87.0.4280.141\chrome.dll
[0124/082231.640:ERROR:process_memory_win.cc(73)] ReadMemory at 0x7ffa0bc10000 of 64 bytes failed: Only part of a ReadProcessMemory or WriteProcessMemory request was completed. (0x12B)
[0124/082231.640:WARNING:pe_image_reader.cc(340)] could not read dos header from C:\windows\System32\WS2_32.dll
[0124/082231.640:ERROR:process_memory_win.cc(73)] ReadMemory at 0x7ffa0dde0000 of 64 bytes failed: Only part of a ReadProcessMemory or WriteProcessMemory request was completed. (0x12B)
[0124/082231.640:WARNING:pe_image_reader.cc(340)] could not read dos header from C:\windows\System32\OLEAUT32.dll
[0124/082231.640:ERROR:process_memory_win.cc(73)] ReadMemory at 0x7ffa0b120000 of 64 bytes failed: Only part of a ReadProcessMemory or WriteProcessMemory request was completed. (0x12B)
[0124/082231.640:WARNING:pe_image_reader.cc(340)] could not read dos header from C:\windows\System32\msvcp_win.dll
[0124/082231.640:ERROR:process_memory_win.cc(73)] ReadMemory at 0x7ffa0a7d0000 of 64 bytes failed: Only part of a ReadProcessMemory or WriteProcessMemory request was completed. (0x12B)
[0124/082231.640:WARNING:pe_image_reader.cc(340)] could not read dos header from C:\windows\System32\ucrtbase.dll
[0124/082231.640:ERROR:process_memory_win.cc(73)] ReadMemory at 0x7ffa0d450000 of 64 bytes failed: Only part of a ReadProcessMemory or WriteProcessMemory request was completed. (0x12B)
[0124/082231.640:WARNING:pe_image_reader.cc(340)] could not read dos header from C:\windows\System32\combase.dll
[0124/082231.640:ERROR:process_memory_win.cc(73)] ReadMemory at 0x7ffa0ab30000 of 64 bytes failed: Only part of a ReadProcessMemory or WriteProcessMemory request was completed. (0x12B)
[0124/082231.640:WARNING:pe_image_reader.cc(340)] could not read dos header from C:\windows\System32\WINTRUST.dll
[0124/082231.641:ERROR:process_memory_win.cc(73)] ReadMemory at 0x7ffa09fb0000 of 64 bytes failed: Only part of a ReadProcessMemory or WriteProcessMemory request was completed. (0x12B)
[0124/082231.641:WARNING:pe_image_reader.cc(340)] could not read dos header from C:\windows\System32\MSASN1.dll
[0124/082231.641:ERROR:process_memory_win.cc(73)] ReadMemory at 0x7ffa0a920000 of 64 bytes failed: Only part of a ReadProcessMemory or WriteProcessMemory request was completed. (0x12B)
[0124/082231.641:WARNING:pe_image_reader.cc(340)] could not read dos header from C:\windows\System32\CRYPT32.dll
[0124/082231.641:ERROR:process_memory_win.cc(73)] ReadMemory at 0x7ffa08920000 of 64 bytes failed: Only part of a ReadProcessMemory or WriteProcessMemory request was completed. (0x12B)
[0124/082231.641:WARNING:pe_image_reader.cc(340)] could not read dos header from C:\windows\SYSTEM32\dbghelp.dll
[0124/082231.641:ERROR:process_memory_win.cc(73)] ReadMemory at 0x7ffa09510000 of 64 bytes failed: Only part of a ReadProcessMemory or WriteProcessMemory request was completed. (0x12B)
[0124/082231.641:WARNING:pe_image_reader.cc(340)] could not read dos header from C:\windows\SYSTEM32\IPHLPAPI.DLL
[0124/082231.641:ERROR:process_memory_win.cc(73)] ReadMemory at 0x7ffa07000000 of 64 bytes failed: Only part of a ReadProcessMemory or WriteProcessMemory request was completed. (0x12B)
[0124/082231.641:WARNING:pe_image_reader.cc(340)] could not read dos header from C:\windows\SYSTEM32\WINMM.dll
[0124/082231.641:ERROR:process_memory_win.cc(73)] ReadMemory at 0x7ff9e21d0000 of 64 bytes failed: Only part of a ReadProcessMemory or WriteProcessMemory request was completed. (0x12B)
[0124/082231.641:WARNING:pe_image_reader.cc(340)] could not read dos header from C:\windows\SYSTEM32\UIAutomationCore.DLL
[0124/082231.641:ERROR:process_memory_win.cc(73)] ReadMemory at 0x7ffa071b0000 of 64 bytes failed: Only part of a ReadProcessMemory or WriteProcessMemory request was completed. (0x12B)
[0124/082231.641:WARNING:pe_image_reader.cc(340)] could not read dos header from C:\windows\SYSTEM32\Secur32.dll
[0124/082231.641:ERROR:process_memory_win.cc(73)] ReadMemory at 0x7ffa09ec0000 of 64 bytes failed: Only part of a ReadProcessMemory or WriteProcessMemory request was completed. (0x12B)
[0124/082231.641:WARNING:pe_image_reader.cc(340)] could not read dos header from C:\windows\SYSTEM32\USERENV.dll
[0124/082231.641:ERROR:process_memory_win.cc(73)] ReadMemory at 0x7ffa09fd0000 of 64 bytes failed: Only part of a ReadProcessMemory or WriteProcessMemory request was completed. (0x12B)
[0124/082231.641:WARNING:pe_image_reader.cc(340)] could not read dos header from C:\windows\System32\profapi.dll
[0124/082231.641:ERROR:process_memory_win.cc(73)] ReadMemory at 0x7ffa00370000 of 64 bytes failed: Only part of a ReadProcessMemory or WriteProcessMemory request was completed. (0x12B)
[0124/082231.641:WARNING:pe_image_reader.cc(340)] could not read dos header from C:\windows\SYSTEM32\DWrite.dll
[0124/082231.642:ERROR:process_memory_win.cc(73)] ReadMemory at 0x7ff9ea6c0000 of 64 bytes failed: Only part of a ReadProcessMemory or WriteProcessMemory request was completed. (0x12B)
[0124/082231.642:WARNING:pe_image_reader.cc(340)] could not read dos header from C:\windows\SYSTEM32\WINSPOOL.DRV
[0124/082231.642:ERROR:process_memory_win.cc(73)] ReadMemory at 0x7ffa09f90000 of 64 bytes failed: Only part of a ReadProcessMemory or WriteProcessMemory request was completed. (0x12B)
[0124/082231.642:WARNING:pe_image_reader.cc(340)] could not read dos header from C:\windows\System32\kernel.appcore.dll
[0124/082231.642:ERROR:process_memory_win.cc(73)] ReadMemory at 0x7ffa0ab00000 of 64 bytes failed: Only part of a ReadProcessMemory or WriteProcessMemory request was completed. (0x12B)
[0124/082231.642:WARNING:pe_image_reader.cc(340)] could not read dos header from C:\windows\System32\bcrypt.dll
[0124/082231.642:ERROR:process_memory_win.cc(73)] ReadMemory at 0x7ff9f9cf0000 of 64 bytes failed: Only part of a ReadProcessMemory or WriteProcessMemory request was completed. (0x12B)
[0124/082231.642:WARNING:pe_image_reader.cc(340)] could not read dos header from C:\windows\SYSTEM32\WINHTTP.dll
[0124/082231.642:ERROR:process_memory_win.cc(73)] ReadMemory at 0x7ffa07c50000 of 64 bytes failed: Only part of a ReadProcessMemory or WriteProcessMemory request was completed. (0x12B)
[0124/082231.642:WARNING:pe_image_reader.cc(340)] could not read dos header from C:\windows\SYSTEM32\dhcpcsvc.DLL
[0124/082231.642:ERROR:process_memory_win.cc(73)] ReadMemory at 0x7ffa0dc00000 of 64 bytes failed: Only part of a ReadProcessMemory or WriteProcessMemory request was completed. (0x12B)
[0124/082231.643:WARNING:pe_image_reader.cc(340)] could not read dos header from C:\windows\System32\NSI.dll
[0124/082231.643:ERROR:process_memory_win.cc(73)] ReadMemory at 0x7ffa06fd0000 of 64 bytes failed: Only part of a ReadProcessMemory or WriteProcessMemory request was completed. (0x12B)
[0124/082231.643:WARNING:pe_image_reader.cc(340)] could not read dos header from C:\windows\SYSTEM32\WINMMBASE.dll
[0124/082231.643:ERROR:process_memory_win.cc(73)] ReadMemory at 0x7ffa0a8d0000 of 64 bytes failed: Only part of a ReadProcessMemory or WriteProcessMemory request was completed. (0x12B)
[0124/082231.643:WARNING:pe_image_reader.cc(340)] could not read dos header from C:\windows\System32\cfgmgr32.dll
[0124/082231.643:ERROR:process_memory_win.cc(73)] ReadMemory at 0x7ffa032a0000 of 64 bytes failed: Only part of a ReadProcessMemory or WriteProcessMemory request was completed. (0x12B)
[0124/082231.643:WARNING:pe_image_reader.cc(340)] could not read dos header from C:\windows\SYSTEM32\Bcp47Langs.dll
[0124/082231.643:ERROR:process_memory_win.cc(73)] ReadMemory at 0x7ffa07d60000 of 64 bytes failed: Only part of a ReadProcessMemory or WriteProcessMemory request was completed. (0x12B)
[0124/082231.643:WARNING:pe_image_reader.cc(340)] could not read dos header from C:\windows\SYSTEM32\PROPSYS.dll
[0124/082231.643:ERROR:process_memory_win.cc(73)] ReadMemory at 0x7ffa0b630000 of 64 bytes failed: Only part of a ReadProcessMemory or WriteProcessMemory request was completed. (0x12B)
[0124/082231.643:WARNING:pe_image_reader.cc(340)] could not read dos header from C:\windows\System32\shcore.dll
[0124/082231.643:ERROR:process_memory_win.cc(73)] ReadMemory at 0x7ffa09e80000 of 64 bytes failed: Only part of a ReadProcessMemory or WriteProcessMemory request was completed. (0x12B)
[0124/082231.644:WARNING:pe_image_reader.cc(340)] could not read dos header from C:\windows\SYSTEM32\SSPICLI.DLL
[0124/082231.644:ERROR:process_memory_win.cc(73)] ReadMemory at 0x7ffa099c0000 of 64 bytes failed: Only part of a ReadProcessMemory or WriteProcessMemory request was completed. (0x12B)
[0124/082231.644:WARNING:pe_image_reader.cc(340)] could not read dos header from C:\windows\SYSTEM32\CRYPTBASE.DLL
[0124/082231.670:ERROR:process_memory_win.cc(73)] ReadMemory at 0x2f4a7f6000 of 40960 bytes failed: Only part of a ReadProcessMemory or WriteProcessMemory request was completed. (0x12B)
[0124/082231.670:ERROR:process_memory_win.cc(73)] ReadMemory at 0x2f4affd000 of 12288 bytes failed: Only part of a ReadProcessMemory or WriteProcessMemory request was completed. (0x12B)
[0124/082231.670:ERROR:process_memory_win.cc(73)] ReadMemory at 0x2f4b7fa000 of 24576 bytes failed: Only part of a ReadProcessMemory or WriteProcessMemory request was completed. (0x12B)
[0124/082231.671:ERROR:process_memory_win.cc(73)] ReadMemory at 0x2f4bffe000 of 8192 bytes failed: Only part of a ReadProcessMemory or WriteProcessMemory request was completed. (0x12B)
[0124/082231.671:ERROR:process_memory_win.cc(73)] ReadMemory at 0x2f4c7f6000 of 40960 bytes failed: Only part of a ReadProcessMemory or WriteProcessMemory request was completed. (0x12B)
[0124/082231.671:ERROR:process_memory_win.cc(73)] ReadMemory at 0x2f4cffd000 of 12288 bytes failed: Only part of a ReadProcessMemory or WriteProcessMemory request was completed. (0x12B)
[0124/082231.671:ERROR:process_memory_win.cc(73)] ReadMemory at 0x2f4d7ff000 of 4096 bytes failed: Only part of a ReadProcessMemory or WriteProcessMemory request was completed. (0x12B)
[0124/082231.671:ERROR:process_memory_win.cc(73)] ReadMemory at 0x2f4dffe000 of 8192 bytes failed: Only part of a ReadProcessMemory or WriteProcessMemory request was completed. (0x12B)
[0124/082231.672:ERROR:process_memory_win.cc(73)] ReadMemory at 0x2f4e7fd000 of 12288 bytes failed: Only part of a ReadProcessMemory or WriteProcessMemory request was completed. (0x12B)
[0124/082231.672:ERROR:process_memory_win.cc(73)] ReadMemory at 0x2f4f7fe000 of 8192 bytes failed: Only part of a ReadProcessMemory or WriteProcessMemory request was completed. (0x12B)
[0124/082231.672:ERROR:process_memory_win.cc(73)] ReadMemory at 0x2f4fffe000 of 8192 bytes failed: Only part of a ReadProcessMemory or WriteProcessMemory request was completed. (0x12B)
[0124/082231.672:ERROR:process_memory_win.cc(73)] ReadMemory at 0x2f507fe000 of 8192 bytes failed: Only part of a ReadProcessMemory or WriteProcessMemory request was completed. (0x12B)
[0124/082231.673:ERROR:process_memory_win.cc(73)] ReadMemory at 0x2f50ffe000 of 8192 bytes failed: Only part of a ReadProcessMemory or WriteProcessMemory request was completed. (0x12B)
[0124/082231.674:ERROR:process_memory_win.cc(73)] ReadMemory at 0x2f517fc000 of 16384 bytes failed: Only part of a ReadProcessMemory or WriteProcessMemory request was completed. (0x12B)
[0124/082231.674:ERROR:process_memory_win.cc(73)] ReadMemory at 0x2f4efff000 of 4096 bytes failed: Only part of a ReadProcessMemory or WriteProcessMemory request was completed. (0x12B)
[0124/082231.675:ERROR:process_memory_win.cc(73)] ReadMemory at 0x2f49e6b000 of 852 bytes failed: Only part of a ReadProcessMemory or WriteProcessMemory request was completed. (0x12B)
[0124/082231.675:ERROR:process_memory_win.cc(73)] ReadMemory at 0x2f49e6c000 of 6024 bytes failed: Only part of a ReadProcessMemory or WriteProcessMemory request was completed. (0x12B)
[0124/082231.675:ERROR:process_memory_win.cc(73)] ReadMemory at 0x2f49e6e000 of 6024 bytes failed: Only part of a ReadProcessMemory or WriteProcessMemory request was completed. (0x12B)
[0124/082231.676:ERROR:process_memory_win.cc(73)] ReadMemory at 0x2f49e70000 of 6024 bytes failed: Only part of a ReadProcessMemory or WriteProcessMemory request was completed. (0x12B)
[0124/082231.676:ERROR:process_memory_win.cc(73)] ReadMemory at 0x2f49e72000 of 6024 bytes failed: Only part of a ReadProcessMemory or WriteProcessMemory request was completed. (0x12B)
[0124/082231.676:ERROR:process_memory_win.cc(73)] ReadMemory at 0x2f49e74000 of 6024 bytes failed: Only part of a ReadProcessMemory or WriteProcessMemory request was completed. (0x12B)
[0124/082231.676:ERROR:process_memory_win.cc(73)] ReadMemory at 0x2f49e76000 of 6024 bytes failed: Only part of a ReadProcessMemory or WriteProcessMemory request was completed. (0x12B)
[0124/082231.676:ERROR:process_memory_win.cc(73)] ReadMemory at 0x2f49e78000 of 6024 bytes failed: Only part of a ReadProcessMemory or WriteProcessMemory request was completed. (0x12B)
[0124/082231.676:ERROR:process_memory_win.cc(73)] ReadMemory at 0x2f49e7a000 of 6024 bytes failed: Only part of a ReadProcessMemory or WriteProcessMemory request was completed. (0x12B)
[0124/082231.676:ERROR:process_memory_win.cc(73)] ReadMemory at 0x2f49e7c000 of 6024 bytes failed: Only part of a ReadProcessMemory or WriteProcessMemory request was completed. (0x12B)
[0124/082231.676:ERROR:process_memory_win.cc(73)] ReadMemory at 0x2f49e80000 of 6024 bytes failed: Only part of a ReadProcessMemory or WriteProcessMemory request was completed. (0x12B)
[0124/082231.677:ERROR:process_memory_win.cc(73)] ReadMemory at 0x2f49e82000 of 6024 bytes failed: Only part of a ReadProcessMemory or WriteProcessMemory request was completed. (0x12B)
[0124/082231.677:ERROR:process_memory_win.cc(73)] ReadMemory at 0x2f49e84000 of 6024 bytes failed: Only part of a ReadProcessMemory or WriteProcessMemory request was completed. (0x12B)
[0124/082231.678:ERROR:process_memory_win.cc(73)] ReadMemory at 0x2f49e86000 of 6024 bytes failed: Only part of a ReadProcessMemory or WriteProcessMemory request was completed. (0x12B)
[0124/082231.678:ERROR:process_memory_win.cc(73)] ReadMemory at 0x2f49e88000 of 6024 bytes failed: Only part of a ReadProcessMemory or WriteProcessMemory request was completed. (0x12B)
[0124/082231.678:ERROR:process_memory_win.cc(73)] ReadMemory at 0x2f49e8a000 of 6024 bytes failed: Only part of a ReadProcessMemory or WriteProcessMemory request was completed. (0x12B)
[0124/082231.678:ERROR:process_memory_win.cc(73)] ReadMemory at 0x206157c0fe0 of 17410 bytes failed: Only part of a ReadProcessMemory or WriteProcessMemory request was completed. (0x12B)
[0124/082231.678:ERROR:process_memory_win.cc(73)] ReadMemory at 0x206157c53f0 of 1012 bytes failed: Only part of a ReadProcessMemory or WriteProcessMemory request was completed. (0x12B)
[0124/082231.678:ERROR:process_memory_win.cc(73)] ReadMemory at 0x206157c5a18 of 118 bytes failed: Only part of a ReadProcessMemory or WriteProcessMemory request was completed. (0x12B)
[0124/082231.679:ERROR:process_memory_win.cc(73)] ReadMemory at 0x206157c5a90 of 718 bytes failed: Only part of a ReadProcessMemory or WriteProcessMemory request was completed. (0x12B)
[0124/082231.679:ERROR:process_memory_win.cc(73)] ReadMemory at 0x206157c5d60 of 118 bytes failed: Only part of a ReadProcessMemory or WriteProcessMemory request was completed. (0x12B)
[0124/082231.679:ERROR:process_memory_win.cc(73)] ReadMemory at 0x206157c5dd8 of 102 bytes failed: Only part of a ReadProcessMemory or WriteProcessMemory request was completed. (0x12B)
[0124/082231.679:ERROR:process_memory_win.cc(73)] ReadMemory at 0x206157c5e50 of 58 bytes failed: Only part of a ReadProcessMemory or WriteProcessMemory request was completed. (0x12B)
[0124/082231.679:ERROR:process_memory_win.cc(73)] ReadMemory at 0x206157c5f50 of 132 bytes failed: Only part of a ReadProcessMemory or WriteProcessMemory request was completed. (0x12B)
[0124/082231.679:ERROR:process_memory_win.cc(73)] ReadMemory at 0x206157c60e0 of 132 bytes failed: Only part of a ReadProcessMemory or WriteProcessMemory request was completed. (0x12B)
[0124/082231.679:ERROR:process_memory_win.cc(73)] ReadMemory at 0x206157c62a0 of 126 bytes failed: Only part of a ReadProcessMemory or WriteProcessMemory request was completed. (0x12B)
[0124/082231.679:ERROR:process_memory_win.cc(73)] ReadMemory at 0x206157c67a0 of 132 bytes failed: Only part of a ReadProcessMemory or WriteProcessMemory request was completed. (0x12B)
[0124/082231.680:ERROR:process_memory_win.cc(73)] ReadMemory at 0x206157c6930 of 64 bytes failed: Only part of a ReadProcessMemory or WriteProcessMemory request was completed. (0x12B)
[0124/082231.680:ERROR:process_memory_win.cc(73)] ReadMemory at 0x206157c6980 of 132 bytes failed: Only part of a ReadProcessMemory or WriteProcessMemory request was completed. (0x12B)
[0124/082231.680:ERROR:process_memory_win.cc(73)] ReadMemory at 0x206157c6b90 of 154 bytes failed: Only part of a ReadProcessMemory or WriteProcessMemory request was completed. (0x12B)
[0124/082231.680:ERROR:process_memory_win.cc(73)] ReadMemory at 0x206157c6d90 of 132 bytes failed: Only part of a ReadProcessMemory or WriteProcessMemory request was completed. (0x12B)
[0124/082231.680:ERROR:process_memory_win.cc(73)] ReadMemory at 0x206157c6f20 of 68 bytes failed: Only part of a ReadProcessMemory or WriteProcessMemory request was completed. (0x12B)
[0124/082231.680:ERROR:process_memory_win.cc(73)] ReadMemory at 0x206157c7fb0 of 132 bytes failed: Only part of a ReadProcessMemory or WriteProcessMemory request was completed. (0x12B)
[0124/082231.680:ERROR:process_memory_win.cc(73)] ReadMemory at 0x206157c8d40 of 62 bytes failed: Only part of a ReadProcessMemory or WriteProcessMemory request was completed. (0x12B)
[0124/082231.680:ERROR:process_memory_win.cc(73)] ReadMemory at 0x206157c8ea0 of 132 bytes failed: Only part of a ReadProcessMemory or WriteProcessMemory request was completed. (0x12B)
[0124/082231.680:ERROR:process_memory_win.cc(73)] ReadMemory at 0x206157c9030 of 60 bytes failed: Only part of a ReadProcessMemory or WriteProcessMemory request was completed. (0x12B)
[0124/082231.680:ERROR:process_memory_win.cc(73)] ReadMemory at 0x206157d7e60 of 62 bytes failed: Only part of a ReadProcessMemory or WriteProcessMemory request was completed. (0x12B)
[0124/082231.680:ERROR:process_memory_win.cc(73)] ReadMemory at 0x206157daf30 of 132 bytes failed: Only part of a ReadProcessMemory or WriteProcessMemory request was completed. (0x12B)
[0124/082231.680:ERROR:process_memory_win.cc(73)] ReadMemory at 0x206157db2e0 of 80 bytes failed: Only part of a ReadProcessMemory or WriteProcessMemory request was completed. (0x12B)
[0124/082231.680:ERROR:process_memory_win.cc(73)] ReadMemory at 0x206157dc5f0 of 132 bytes failed: Only part of a ReadProcessMemory or WriteProcessMemory request was completed. (0x12B)
[0124/082231.680:ERROR:process_memory_win.cc(73)] ReadMemory at 0x206157dcc70 of 146 bytes failed: Only part of a ReadProcessMemory or WriteProcessMemory request was completed. (0x12B)
[0124/082231.680:ERROR:process_memory_win.cc(73)] ReadMemory at 0x206157dcdb0 of 132 bytes failed: Only part of a ReadProcessMemory or WriteProcessMemory request was completed. (0x12B)
[0124/082231.680:ERROR:process_memory_win.cc(73)] ReadMemory at 0x206157dd760 of 132 bytes failed: Only part of a ReadProcessMemory or WriteProcessMemory request was completed. (0x12B)
[0124/082231.681:ERROR:process_memory_win.cc(73)] ReadMemory at 0x206157dd890 of 132 bytes failed: Only part of a ReadProcessMemory or WriteProcessMemory request was completed. (0x12B)
[0124/082231.681:ERROR:process_memory_win.cc(73)] ReadMemory at 0x206157dd9c0 of 132 bytes failed: Only part of a ReadProcessMemory or WriteProcessMemory request was completed. (0x12B)
[0124/082231.681:ERROR:process_memory_win.cc(73)] ReadMemory at 0x206157ddaf0 of 132 bytes failed: Only part of a ReadProcessMemory or WriteProcessMemory request was completed. (0x12B)
[0124/082231.681:ERROR:process_memory_win.cc(73)] ReadMemory at 0x206157ddc20 of 132 bytes failed: Only part of a ReadProcessMemory or WriteProcessMemory request was completed. (0x12B)
[0124/082231.681:ERROR:process_memory_win.cc(73)] ReadMemory at 0x206157ddd50 of 132 bytes failed: Only part of a ReadProcessMemory or WriteProcessMemory request was completed. (0x12B)
[0124/082231.681:ERROR:process_memory_win.cc(73)] ReadMemory at 0x206157dde80 of 132 bytes failed: Only part of a ReadProcessMemory or WriteProcessMemory request was completed. (0x12B)
[0124/082231.681:ERROR:process_memory_win.cc(73)] ReadMemory at 0x206157ddfb0 of 132 bytes failed: Only part of a ReadProcessMemory or WriteProcessMemory request was completed. (0x12B)
[0124/082231.681:ERROR:process_memory_win.cc(73)] ReadMemory at 0x206157de0e0 of 132 bytes failed: Only part of a ReadProcessMemory or WriteProcessMemory request was completed. (0x12B)
[0124/082231.681:ERROR:process_memory_win.cc(73)] ReadMemory at 0x206157de210 of 132 bytes failed: Only part of a ReadProcessMemory or WriteProcessMemory request was completed. (0x12B)
[0124/082231.681:ERROR:process_memory_win.cc(73)] ReadMemory at 0x206157de340 of 132 bytes failed: Only part of a ReadProcessMemory or WriteProcessMemory request was completed. (0x12B)
[0124/082231.681:ERROR:process_memory_win.cc(73)] ReadMemory at 0x206157de5a0 of 132 bytes failed: Only part of a ReadProcessMemory or WriteProcessMemory request was completed. (0x12B)
[0124/082231.681:ERROR:process_memory_win.cc(73)] ReadMemory at 0x206157e3fd0 of 132 bytes failed: Only part of a ReadProcessMemory or WriteProcessMemory request was completed. (0x12B)
[0124/082231.681:ERROR:process_memory_win.cc(73)] ReadMemory at 0x206157e4100 of 132 bytes failed: Only part of a ReadProcessMemory or WriteProcessMemory request was completed. (0x12B)
[0124/082231.682:ERROR:process_memory_win.cc(73)] ReadMemory at 0x206157e4930 of 54 bytes failed: Only part of a ReadProcessMemory or WriteProcessMemory request was completed. (0x12B)
[0124/082231.682:ERROR:process_memory_win.cc(73)] ReadMemory at 0x206157e5f20 of 132 bytes failed: Only part of a ReadProcessMemory or WriteProcessMemory request was completed. (0x12B)
[0124/082231.682:ERROR:process_memory_win.cc(73)] ReadMemory at 0x206157e77d0 of 512 bytes failed: Only part of a ReadProcessMemory or WriteProcessMemory request was completed. (0x12B)
[0124/082231.682:ERROR:process_memory_win.cc(73)] ReadMemory at 0x206157e7a40 of 132 bytes failed: Only part of a ReadProcessMemory or WriteProcessMemory request was completed. (0x12B)
[0124/082231.682:ERROR:process_memory_win.cc(73)] ReadMemory at 0x206157e7d60 of 132 bytes failed: Only part of a ReadProcessMemory or WriteProcessMemory request was completed. (0x12B)
[0124/082231.682:ERROR:process_memory_win.cc(73)] ReadMemory at 0x206157e7f80 of 132 bytes failed: Only part of a ReadProcessMemory or WriteProcessMemory request was completed. (0x12B)
[0124/082231.683:ERROR:process_memory_win.cc(73)] ReadMemory at 0x206157e8180 of 64 bytes failed: Only part of a ReadProcessMemory or WriteProcessMemory request was completed. (0x12B)
[0124/082231.683:ERROR:process_memory_win.cc(73)] ReadMemory at 0x206157e81d0 of 62 bytes failed: Only part of a ReadProcessMemory or WriteProcessMemory request was completed. (0x12B)
[0124/082231.683:ERROR:process_memory_win.cc(73)] ReadMemory at 0x206157e8310 of 64 bytes failed: Only part of a ReadProcessMemory or WriteProcessMemory request was completed. (0x12B)
[0124/082231.684:ERROR:process_memory_win.cc(73)] ReadMemory at 0x206157e8360 of 66 bytes failed: Only part of a ReadProcessMemory or WriteProcessMemory request was completed. (0x12B)
[0124/082231.684:ERROR:process_memory_win.cc(73)] ReadMemory at 0x206157e83b0 of 62 bytes failed: Only part of a ReadProcessMemory or WriteProcessMemory request was completed. (0x12B)
[0124/082231.684:ERROR:process_memory_win.cc(73)] ReadMemory at 0x206157e8450 of 64 bytes failed: Only part of a ReadProcessMemory or WriteProcessMemory request was completed. (0x12B)
[0124/082231.685:ERROR:process_memory_win.cc(73)] ReadMemory at 0x206157e84f0 of 58 bytes failed: Only part of a ReadProcessMemory or WriteProcessMemory request was completed. (0x12B)
[0124/082231.686:ERROR:process_memory_win.cc(73)] ReadMemory at 0x206157e85e0 of 60 bytes failed: Only part of a ReadProcessMemory or WriteProcessMemory request was completed. (0x12B)
[0124/082231.686:ERROR:process_memory_win.cc(73)] ReadMemory at 0x206157e8630 of 62 bytes failed: Only part of a ReadProcessMemory or WriteProcessMemory request was completed. (0x12B)
[0124/082231.686:ERROR:process_memory_win.cc(73)] ReadMemory at 0x206157e86d0 of 62 bytes failed: Only part of a ReadProcessMemory or WriteProcessMemory request was completed. (0x12B)
[0124/082231.687:ERROR:process_memory_win.cc(73)] ReadMemory at 0x206157e8720 of 60 bytes failed: Only part of a ReadProcessMemory or WriteProcessMemory request was completed. (0x12B)
[0124/082231.687:ERROR:process_memory_win.cc(73)] ReadMemory at 0x206157e87c0 of 66 bytes failed: Only part of a ReadProcessMemory or WriteProcessMemory request was completed. (0x12B)
[0124/082231.687:ERROR:process_memory_win.cc(73)] ReadMemory at 0x206157e89a0 of 62 bytes failed: Only part of a ReadProcessMemory or WriteProcessMemory request was completed. (0x12B)
[0124/082231.687:ERROR:process_memory_win.cc(73)] ReadMemory at 0x206157e8a40 of 62 bytes failed: Only part of a ReadProcessMemory or WriteProcessMemory request was completed. (0x12B)
[0124/082231.687:ERROR:process_memory_win.cc(73)] ReadMemory at 0x206157e8a90 of 62 bytes failed: Only part of a ReadProcessMemory or WriteProcessMemory request was completed. (0x12B)
[0124/082231.687:ERROR:process_memory_win.cc(73)] ReadMemory at 0x206157e8b80 of 64 bytes failed: Only part of a ReadProcessMemory or WriteProcessMemory request was completed. (0x12B)
[0124/082231.688:ERROR:process_memory_win.cc(73)] ReadMemory at 0x206157e8c20 of 60 bytes failed: Only part of a ReadProcessMemory or WriteProcessMemory request was completed. (0x12B)
[0124/082231.688:ERROR:process_memory_win.cc(73)] ReadMemory at 0x206157e8c70 of 64 bytes failed: Only part of a ReadProcessMemory or WriteProcessMemory request was completed. (0x12B)
[0124/082231.688:ERROR:process_memory_win.cc(73)] ReadMemory at 0x206157e8d10 of 60 bytes failed: Only part of a ReadProcessMemory or WriteProcessMemory request was completed. (0x12B)
[0124/082231.688:ERROR:process_memory_win.cc(73)] ReadMemory at 0x206157e8db0 of 68 bytes failed: Only part of a ReadProcessMemory or WriteProcessMemory request was completed. (0x12B)
[0124/082231.688:ERROR:process_memory_win.cc(73)] ReadMemory at 0x206157e8e50 of 60 bytes failed: Only part of a ReadProcessMemory or WriteProcessMemory request was completed. (0x12B)
[0124/082231.689:ERROR:process_memory_win.cc(73)] ReadMemory at 0x206157e8ea0 of 62 bytes failed: Only part of a ReadProcessMemory or WriteProcessMemory request was completed. (0x12B)
[0124/082231.689:ERROR:process_memory_win.cc(73)] ReadMemory at 0x206157e8ef0 of 64 bytes failed: Only part of a ReadProcessMemory or WriteProcessMemory request was completed. (0x12B)
[0124/082231.689:ERROR:process_memory_win.cc(73)] ReadMemory at 0x206157e8f90 of 64 bytes failed: Only part of a ReadProcessMemory or WriteProcessMemory request was completed. (0x12B)
[0124/082231.689:ERROR:process_memory_win.cc(73)] ReadMemory at 0x206157e8fe0 of 64 bytes failed: Only part of a ReadProcessMemory or WriteProcessMemory request was completed. (0x12B)
[0124/082231.689:ERROR:process_memory_win.cc(73)] ReadMemory at 0x206157e9030 of 62 bytes failed: Only part of a ReadProcessMemory or WriteProcessMemory request was completed. (0x12B)
[0124/082231.689:ERROR:process_memory_win.cc(73)] ReadMemory at 0x206157e9080 of 60 bytes failed: Only part of a ReadProcessMemory or WriteProcessMemory request was completed. (0x12B)
[0124/082231.689:ERROR:process_memory_win.cc(73)] ReadMemory at 0x206157e9c20 of 76 bytes failed: Only part of a ReadProcessMemory or WriteProcessMemory request was completed. (0x12B)
[0124/082231.690:ERROR:process_memory_win.cc(73)] ReadMemory at 0x206157e9f20 of 80 bytes failed: Only part of a ReadProcessMemory or WriteProcessMemory request was completed. (0x12B)
[0124/082231.690:ERROR:process_memory_win.cc(73)] ReadMemory at 0x206157edd80 of 132 bytes failed: Only part of a ReadProcessMemory or WriteProcessMemory request was completed. (0x12B)
[0124/082231.690:ERROR:process_memory_win.cc(73)] ReadMemory at 0x206157ee110 of 132 bytes failed: Only part of a ReadProcessMemory or WriteProcessMemory request was completed. (0x12B)
[0124/082231.693:ERROR:process_memory_win.cc(73)] ReadMemory at 0x206157ee240 of 132 bytes failed: Only part of a ReadProcessMemory or WriteProcessMemory request was completed. (0x12B)
[0124/082231.693:ERROR:process_memory_win.cc(73)] ReadMemory at 0x206157ee370 of 132 bytes failed: Only part of a ReadProcessMemory or WriteProcessMemory request was completed. (0x12B)
[0124/082231.693:ERROR:process_memory_win.cc(73)] ReadMemory at 0x206157ee4a0 of 132 bytes failed: Only part of a ReadProcessMemory or WriteProcessMemory request was completed. (0x12B)
[0124/082231.693:ERROR:process_memory_win.cc(73)] ReadMemory at 0x206157ee960 of 132 bytes failed: Only part of a ReadProcessMemory or WriteProcessMemory request was completed. (0x12B)
[0124/082231.693:ERROR:process_memory_win.cc(73)] ReadMemory at 0x206157eea90 of 132 bytes failed: Only part of a ReadProcessMemory or WriteProcessMemory request was completed. (0x12B)
[0124/082231.694:ERROR:process_memory_win.cc(73)] ReadMemory at 0x206157eecf0 of 132 bytes failed: Only part of a ReadProcessMemory or WriteProcessMemory request was completed. (0x12B)
[0124/082231.694:ERROR:process_memory_win.cc(73)] ReadMemory at 0x206157ef080 of 132 bytes failed: Only part of a ReadProcessMemory or WriteProcessMemory request was completed. (0x12B)
[0124/082231.694:ERROR:process_memory_win.cc(73)] ReadMemory at 0x206157ef1b0 of 132 bytes failed: Only part of a ReadProcessMemory or WriteProcessMemory request was completed. (0x12B)
[0124/082231.694:ERROR:process_memory_win.cc(73)] ReadMemory at 0x206157ef2e0 of 132 bytes failed: Only part of a ReadProcessMemory or WriteProcessMemory request was completed. (0x12B)
[0124/082231.694:ERROR:process_memory_win.cc(73)] ReadMemory at 0x206157efb30 of 132 bytes failed: Only part of a ReadProcessMemory or WriteProcessMemory request was completed. (0x12B)
[0124/082231.694:ERROR:process_memory_win.cc(73)] ReadMemory at 0x2061583b6c0 of 512 bytes failed: Only part of a ReadProcessMemory or WriteProcessMemory request was completed. (0x12B)
[0124/082231.694:ERROR:process_memory_win.cc(73)] ReadMemory at 0x2061584a3d0 of 512 bytes failed: Only part of a ReadProcessMemory or WriteProcessMemory request was completed. (0x12B)
[0124/082231.694:ERROR:process_memory_win.cc(73)] ReadMemory at 0x2061584a8d0 of 512 bytes failed: Only part of a ReadProcessMemory or WriteProcessMemory request was completed. (0x12B)
[0124/082231.694:ERROR:process_memory_win.cc(73)] ReadMemory at 0x2061584b8d0 of 512 bytes failed: Only part of a ReadProcessMemory or WriteProcessMemory request was completed. (0x12B)
[0124/082231.695:ERROR:process_memory_win.cc(73)] ReadMemory at 0x2061585ce90 of 512 bytes failed: Only part of a ReadProcessMemory or WriteProcessMemory request was completed. (0x12B)
[0124/082231.695:ERROR:process_memory_win.cc(73)] ReadMemory at 0x20615863c30 of 512 bytes failed: Only part of a ReadProcessMemory or WriteProcessMemory request was completed. (0x12B)
[0124/082231.695:ERROR:process_memory_win.cc(73)] ReadMemory at 0x20615865c78 of 656 bytes failed: Only part of a ReadProcessMemory or WriteProcessMemory request was completed. (0x12B)
[0124/082231.695:ERROR:process_memory_win.cc(73)] ReadMemory at 0x20615867808 of 512 bytes failed: Only part of a ReadProcessMemory or WriteProcessMemory request was completed. (0x12B)
[0124/082231.695:ERROR:process_memory_win.cc(73)] ReadMemory at 0x206158739e0 of 712 bytes failed: Only part of a ReadProcessMemory or WriteProcessMemory request was completed. (0x12B)
[0124/082231.695:ERROR:process_memory_win.cc(73)] ReadMemory at 0x2061588aa70 of 512 bytes failed: Only part of a ReadProcessMemory or WriteProcessMemory request was completed. (0x12B)
[0124/082231.695:ERROR:process_memory_win.cc(73)] ReadMemory at 0x2061589a032 of 692 bytes failed: Only part of a ReadProcessMemory or WriteProcessMemory request was completed. (0x12B)
[0124/082231.695:ERROR:process_memory_win.cc(73)] ReadMemory at 0x2061589a336 of 512 bytes failed: Only part of a ReadProcessMemory or WriteProcessMemory request was completed. (0x12B)
[0124/082231.695:ERROR:process_memory_win.cc(73)] ReadMemory at 0x2061589e550 of 512 bytes failed: Only part of a ReadProcessMemory or WriteProcessMemory request was completed. (0x12B)
[0124/082231.695:ERROR:process_memory_win.cc(73)] ReadMemory at 0x206158be950 of 512 bytes failed: Only part of a ReadProcessMemory or WriteProcessMemory request was completed. (0x12B)
[0124/082231.696:ERROR:process_memory_win.cc(73)] ReadMemory at 0x206158e1780 of 512 bytes failed: Only part of a ReadProcessMemory or WriteProcessMemory request was completed. (0x12B)
[0124/082231.696:ERROR:process_memory_win.cc(73)] ReadMemory at 0x206158e2680 of 512 bytes failed: Only part of a ReadProcessMemory or WriteProcessMemory request was completed. (0x12B)
[0124/082231.696:ERROR:process_memory_win.cc(73)] ReadMemory at 0x2061732a670 of 512 bytes failed: Only part of a ReadProcessMemory or WriteProcessMemory request was completed. (0x12B)
[0124/082231.696:ERROR:process_memory_win.cc(73)] ReadMemory at 0x206173e54d0 of 512 bytes failed: Only part of a ReadProcessMemory or WriteProcessMemory request was completed. (0x12B)
[0124/082231.696:ERROR:process_memory_win.cc(73)] ReadMemory at 0x206173efda0 of 512 bytes failed: Only part of a ReadProcessMemory or WriteProcessMemory request was completed. (0x12B)
[0124/082231.696:ERROR:process_memory_win.cc(73)] ReadMemory at 0x206175640d0 of 512 bytes failed: Only part of a ReadProcessMemory or WriteProcessMemory request was completed. (0x12B)
[0124/082231.696:ERROR:process_memory_win.cc(73)] ReadMemory at 0x2061756c520 of 512 bytes failed: Only part of a ReadProcessMemory or WriteProcessMemory request was completed. (0x12B)
[0124/082231.696:ERROR:process_memory_win.cc(73)] ReadMemory at 0x206175814c0 of 512 bytes failed: Only part of a ReadProcessMemory or WriteProcessMemory request was completed. (0x12B)
[0124/082231.696:ERROR:process_memory_win.cc(73)] ReadMemory at 0x182400000000 of 384 bytes failed: Only part of a ReadProcessMemory or WriteProcessMemory request was completed. (0x12B)
[0124/082231.696:ERROR:process_memory_win.cc(73)] ReadMemory at 0x1824000d5197 of 512 bytes failed: Only part of a ReadProcessMemory or WriteProcessMemory request was completed. (0x12B)
[0124/082231.697:ERROR:process_memory_win.cc(73)] ReadMemory at 0x1824080421b1 of 896 bytes failed: Only part of a ReadProcessMemory or WriteProcessMemory request was completed. (0x12B)
[0124/082231.697:ERROR:process_memory_win.cc(73)] ReadMemory at 0x182408283bc7 of 512 bytes failed: Only part of a ReadProcessMemory or WriteProcessMemory request was completed. (0x12B)
[0124/082231.697:ERROR:process_memory_win.cc(73)] ReadMemory at 0x1824083b04a1 of 512 bytes failed: Only part of a ReadProcessMemory or WriteProcessMemory request was completed. (0x12B)
[0124/082231.697:ERROR:process_memory_win.cc(73)] ReadMemory at 0x1824085ef77d of 512 bytes failed: Only part of a ReadProcessMemory or WriteProcessMemory request was completed. (0x12B)
[0124/082231.697:ERROR:process_memory_win.cc(73)] ReadMemory at 0x182408603fe5 of 512 bytes failed: Only part of a ReadProcessMemory or WriteProcessMemory request was completed. (0x12B)
[0124/082231.697:ERROR:process_memory_win.cc(73)] ReadMemory at 0x1824094da87d of 512 bytes failed: Only part of a ReadProcessMemory or WriteProcessMemory request was completed. (0x12B)
[0124/082231.697:ERROR:process_memory_win.cc(73)] ReadMemory at 0x18240b4cf879 of 512 bytes failed: Only part of a ReadProcessMemory or WriteProcessMemory request was completed. (0x12B)
[0124/082231.697:ERROR:process_memory_win.cc(73)] ReadMemory at 0x18240b4d0da9 of 512 bytes failed: Only part of a ReadProcessMemory or WriteProcessMemory request was completed. (0x12B)
[0124/082231.697:ERROR:process_memory_win.cc(73)] ReadMemory at 0x7ff99afbeba0 of 512 bytes failed: Only part of a ReadProcessMemory or WriteProcessMemory request was completed. (0x12B)
[0124/082231.698:ERROR:process_memory_win.cc(73)] ReadMemory at 0x7ff9a0678f88 of 512 bytes failed: Only part of a ReadProcessMemory or WriteProcessMemory request was completed. (0x12B)
[0124/082231.698:ERROR:process_memory_win.cc(73)] ReadMemory at 0x7ff9c8a4a8b7 of 512 bytes failed: Only part of a ReadProcessMemory or WriteProcessMemory request was completed. (0x12B)
[0124/082231.698:ERROR:process_memory_win.cc(73)] ReadMemory at 0x7ffa0ded21f0 of 512 bytes failed: Only part of a ReadProcessMemory or WriteProcessMemory request was completed. (0x12B)
[0124/082231.698:ERROR:process_memory_win.cc(73)] ReadMemory at 0x7ffa0dfeff10 of 512 bytes failed: Only part of a ReadProcessMemory or WriteProcessMemory request was completed. (0x12B)
[0124/082231.698:ERROR:process_memory_win.cc(73)] ReadMemory at 0x7ffa0e03f764 of 672 bytes failed: Only part of a ReadProcessMemory or WriteProcessMemory request was completed. (0x12B)
[0124/082231.698:ERROR:process_memory_win.cc(73)] ReadMemory at 0x7ffa0e042ff4 of 608 bytes failed: Only part of a ReadProcessMemory or WriteProcessMemory request was completed. (0x12B)
[0124/082231.698:ERROR:process_memory_win.cc(73)] ReadMemory at 0x7ffa0e0cc0c8 of 18 bytes failed: Only part of a ReadProcessMemory or WriteProcessMemory request was completed. (0x12B)
[0124/082231.698:ERROR:process_memory_win.cc(73)] ReadMemory at 0x7ffa0e0ff4f8 of 40 bytes failed: Only part of a ReadProcessMemory or WriteProcessMemory request was completed. (0x12B)
[0124/082231.698:ERROR:process_memory_win.cc(73)] ReadMemory at 0x7ffa0e0ff978 of 48 bytes failed: Only part of a ReadProcessMemory or WriteProcessMemory request was completed. (0x12B)
[0124/082231.698:ERROR:process_memory_win.cc(73)] ReadMemory at 0x7ffa0e1053c0 of 64 bytes failed: Only part of a ReadProcessMemory or WriteProcessMemory request was completed. (0x12B)
[0124/082231.701:ERROR:scoped_process_suspend.cc(40)] NtResumeProcess: An attempt was made to access an exiting process. (0xc000010a)
